0 info it worked if it ends with ok
1 verbose cli [ 'C:\\Program Files\\nodejs\\node.exe',
1 verbose cli   'C:\\Program Files\\nodejs\\node_modules\\npm\\bin\\npm-cli.js',
1 verbose cli   'start' ]
2 info using npm@3.10.10
3 info using node@v6.11.3
4 verbose run-script [ 'prestart', 'start', 'poststart' ]
5 info lifecycle ysketch@1.0.0~prestart: ysketch@1.0.0
6 silly lifecycle ysketch@1.0.0~prestart: no script for prestart, continuing
7 info lifecycle ysketch@1.0.0~start: ysketch@1.0.0
8 verbose lifecycle ysketch@1.0.0~start: unsafe-perm in lifecycle true
9 verbose lifecycle ysketch@1.0.0~start: PATH: C:\sf\nvm\v6.11.3\node_modules\npm\bin\node-gyp-bin;C:\Users\dtdream\Desktop\personal\Ysketch\node_modules\.bin;C:\Users\dtdream\Desktop\personal\Ysketch\node_modules\.bin;c:\sf\graphicsmagick-1.3.31-q16;C:\Windows\system32;C:\Windows;C:\Windows\System32\Wbem;C:\Windows\System32\WindowsPowerShell\v1.0\;C:\Windows\System32\OpenSSH\;C:\sf\nvm;C:\Program Files\nodejs;C:\sf\Git\cmd;C:\sf\nodejs\;C:\Users\dtdream\.windows-build-tools\python27\;C:\Users\dtdream\AppData\Roaming\npm\node_modules\cnpm\node_modules\npminstall\node-gyp-bin;C:\Users\dtdream\AppData\Roaming\npm\node_modules\windows-build-tools\node_modules\.bin;C:\Users\dtdream\AppData\Roaming\npm\node_modules\windows-build-tools\node_modules\.bin;C:\Windows\system32;C:\Windows;C:\Windows\System32\Wbem;C:\Windows\System32\WindowsPowerShell\v1.0\;C:\Windows\System32\OpenSSH\;C:\sf\nvm;C:\Program Files\nodejs;C:\sf\Git\cmd;C:\sf\nodejs\;C:\Users\dtdream\AppData\Local\Microsoft\WindowsApps;C:\sf\nvm;C:\Program Files\nodejs;C:\sf\IntelliJ IDEA 2018.3.5\bin;C:\sf\GraphicsMagick-1.3.31-Q16;C:\Users\dtdream\AppData\Roaming\npm;C:\Users\dtdream\AppData\Local\atom\bin;C:\sf\Fiddler
10 verbose lifecycle ysketch@1.0.0~start: CWD: C:\Users\dtdream\Desktop\personal\Ysketch
11 silly lifecycle ysketch@1.0.0~start: Args: [ '/d /s /c',
11 silly lifecycle   'webpack-dev-server --open --config webpack.conf.js' ]
12 silly lifecycle ysketch@1.0.0~start: Returned: code: 1  signal: null
13 info lifecycle ysketch@1.0.0~start: Failed to exec start script
14 verbose stack Error: ysketch@1.0.0 start: `webpack-dev-server --open --config webpack.conf.js`
14 verbose stack Exit status 1
14 verbose stack     at EventEmitter.<anonymous> (C:\sf\nvm\v6.11.3\node_modules\npm\lib\utils\lifecycle.js:255:16)
14 verbose stack     at emitTwo (events.js:106:13)
14 verbose stack     at EventEmitter.emit (events.js:191:7)
14 verbose stack     at ChildProcess.<anonymous> (C:\sf\nvm\v6.11.3\node_modules\npm\lib\utils\spawn.js:40:14)
14 verbose stack     at emitTwo (events.js:106:13)
14 verbose stack     at ChildProcess.emit (events.js:191:7)
14 verbose stack     at maybeClose (internal/child_process.js:920:16)
14 verbose stack     at Process.ChildProcess._handle.onexit (internal/child_process.js:230:5)
15 verbose pkgid ysketch@1.0.0
16 verbose cwd C:\Users\dtdream\Desktop\personal\Ysketch
17 error Windows_NT 10.0.17134
18 error argv "C:\\Program Files\\nodejs\\node.exe" "C:\\Program Files\\nodejs\\node_modules\\npm\\bin\\npm-cli.js" "start"
19 error node v6.11.3
20 error npm  v3.10.10
21 error code ELIFECYCLE
22 error ysketch@1.0.0 start: `webpack-dev-server --open --config webpack.conf.js`
22 error Exit status 1
23 error Failed at the ysketch@1.0.0 start script 'webpack-dev-server --open --config webpack.conf.js'.
23 error Make sure you have the latest version of node.js and npm installed.
23 error If you do, this is most likely a problem with the ysketch package,
23 error not with npm itself.
23 error Tell the author that this fails on your system:
23 error     webpack-dev-server --open --config webpack.conf.js
23 error You can get information on how to open an issue for this project with:
23 error     npm bugs ysketch
23 error Or if that isn't available, you can get their info via:
23 error     npm owner ls ysketch
23 error There is likely additional logging output above.
24 verbose exit [ 1, true ]
